1，gradle指定JAVA_HOME编译，目前只找到在命令行中添加命令参数：-Dorg.gradle.java.home="your jdk path",
eg. gradle :server:build -Dorg.gradle.java.home="C:\Program Files\Java\jdk1.8.0_131"
这种方法的确点就是每次编译都要加这个参数很麻烦。

2,使用exe4j将可执行jar包打包成exe文件，网上很多都是exe4j的Gui wizard教程，每次都要手动去操作打包成exe文件太麻烦，必须使用自动化
打包。找到官方帮助文档地址http://resources.ej-technologies.com/exe4j/help/doc/，结合ant可以实现自动化打包exe

现在的问题是，gradle如何调用ant task来完成相关操作。
exe4j的注册码，参考http://conkeyn.iteye.com/blog/1743199

8-10
掌握gradle调用ant任务直接编译出现可执行文件后，接下来需要编写一个app模块（gui程序）来管理后台服务进程，同时还能进行所有的功能模块。

8-25：
各个模块说明：
业务模块：
Server---系统服务模块
app---系统启动模块，主要功能是启动server和聚合各个功能模块的入口
casher---收银模块
order---点菜模块（下单模块）
setting---系统设置模块
注：只要一个局域网内启动了app程序或运行了server（开发模式下可直接运行）,业务模块就可以在局域网内的电脑上单独安装运行

公共模块（为业务模块提供支撑）：
common----业务模块公共类，包含http请求所需的一些类
gui----一些构建界面的公共类
util---java开发一些常用的工具类

打印单据简要流程：
1，业务代码创建打印任务Prn_PrintJob。
2，PrinterJobInitor处理打印任务。
3，printEx循环处理打印任务。



XDialog---->窗口


